#
# A fatal error has been detected by the Java Runtime Environment:
#
#  EXCEPTION_ACCESS_VIOLATION (0xc0000005) at pc=0x0000000002dd8930, pid=2384, tid=0x0000000000000b20
#
# JRE version: Java(TM) SE Runtime Environment (8.0_121-b13) (build 1.8.0_121-b13)
# Java VM: Java HotSpot(TM) 64-Bit Server VM (25.121-b13 mixed mode windows-amd64 compressed oops)
# Problematic frame:
# C  0x0000000002dd8930
#
# Failed to write core dump. Minidumps are not enabled by default on client versions of Windows
#
# If you would like to submit a bug report, please visit:
#   http://bugreport.java.com/bugreport/crash.jsp
#

---------------  T H R E A D  ---------------

Current thread (0x0000000002da6800):  GCTaskThread [stack: 0x00000000125c0000,0x00000000126c0000] [id=2848]

siginfo: ExceptionCode=0xc0000005, ExceptionInformation=0x0000000000000008 0x0000000002dd8930

Registers:
RAX=0x0000000023c3b3b8, RBX=0x00000000f53e9128, RCX=0x00000001009f6220, RDX=0x0000000015524fc0
RSP=0x00000000126bf828, RBP=0x00000000000001e5, RSI=0x0000000015524fc0, RDI=0x00000000c29a5b58
R8 =0x00000000c29a5b58, R9 =0x00000001009f6220, R10=0xf37f1980f53ea008, R11=0x00000000c29a5b58
R12=0x0000000070f44d58, R13=0x0000000000000005, R14=0x0000000000000001, R15=0x0000000002da7190
RIP=0x0000000002dd8930, EFLAGS=0x0000000000010207

Top of Stack: (sp=0x00000000126bf828)
0x00000000126bf828:   0000000070cf0d31 00000000f53e9128
0x00000000126bf838:   0000000000000004 0000000015524fc0
0x00000000126bf848:   0000000070ced535 00000000c1d4532c
0x00000000126bf858:   0000000070cf11fb 00000000c29a5b58
0x00000000126bf868:   0000000000000400 0000000000000000
0x00000000126bf878:   0000000002d9d401 0000000070f44d58
0x00000000126bf888:   0000000070cf0e20 00000000c299f630
0x00000000126bf898:   0000000000000000 0000000015524fc0
0x00000000126bf8a8:   000000001c093660 00000000c299f630
0x00000000126bf8b8:   0000000070cf17f5 00000000f989b480
0x00000000126bf8c8:   0000000000000000 0000000015524fc0
0x00000000126bf8d8:   0000000070cf0d31 00000000f8ab0258
0x00000000126bf8e8:   0000000000000006 0000000015524fc0
0x00000000126bf8f8:   00000e5300000475 0000000000000200
0x00000000126bf908:   00000e5200000475 0000139d00000fa7
0x00000000126bf918:   0000139d00000fa5 0000000002da7180 

Instructions: (pc=0x0000000002dd8930)
0x0000000002dd8910:   14 00 ff ff 22 9e af 43 6a 61 76 61 5f 72 75 6e
0x0000000002dd8920:   74 69 6d 65 5f 76 65 72 73 69 6f 6e 00 00 00 00
0x0000000002dd8930:   0a 00 ff ff e5 ec b6 3e 53 6f 75 72 63 65 46 69
0x0000000002dd8940:   6c 65 00 00 00 00 00 00 00 00 00 00 00 00 00 00 


Register to memory mapping:

RAX=0x0000000023c3b3b8 is pointing into metadata
RBX=0x00000000f53e9128 is an oop

[error occurred during error reporting (printing register info), id 0xc0000005]

Stack: [0x00000000125c0000,0x00000000126c0000],  sp=0x00000000126bf828,  free space=1022k
Native frames: (J=compiled Java code, j=interpreted, Vv=VM code, C=native code)
C  0x0000000002dd8930


---------------  P R O C E S S  ---------------

Java Threads: ( => current thread )
  0x000000001c02b000 JavaThread "Cache worker for Java compile cache (E:\Shubham\Android Projects\MBS\MBS_SHREE_NAGARI\.gradle\6.1.1\javaCompile)" [_thread_blocked, id=6300, stack(0x0000000023a60000,0x0000000023b60000)]
  0x000000001c02a800 JavaThread "Cache worker for Java compile cache (C:\Users\List\.gradle\caches\6.1.1\javaCompile)" [_thread_blocked, id=6304, stack(0x0000000023960000,0x0000000023a60000)]
  0x000000001c026000 JavaThread "WorkerExecutor Queue Thread 2" [_thread_blocked, id=9516, stack(0x0000000023340000,0x0000000023440000)]
  0x000000001c028000 JavaThread "stdout" [_thread_in_native, id=7428, stack(0x0000000023560000,0x0000000023660000)]
  0x000000001c029800 JavaThread "stderr" [_thread_in_native, id=5944, stack(0x0000000023460000,0x0000000023560000)]
  0x000000001c027800 JavaThread "pool-2-thread-1" [_thread_blocked, id=8680, stack(0x0000000023240000,0x0000000023340000)]
  0x000000001c02c800 JavaThread "WorkerExecutor Queue" [_thread_blocked, id=6032, stack(0x0000000022f40000,0x0000000023040000)]
  0x000000001c029000 JavaThread "Cache worker for execution history cache (E:\Shubham\Android Projects\MBS\MBS_SHREE_NAGARI\.gradle\6.1.1\executionHistory)" [_thread_blocked, id=9768, stack(0x0000000022b40000,0x0000000022c40000)]
  0x000000001c024800 JavaThread "Execution worker for ':' Thread 3" [_thread_blocked, id=6852, stack(0x0000000022a40000,0x0000000022b40000)]
  0x000000001c020000 JavaThread "Execution worker for ':' Thread 2" [_thread_blocked, id=1456, stack(0x0000000022940000,0x0000000022a40000)]
  0x000000001c026800 JavaThread "Execution worker for ':'" [_thread_blocked, id=9252, stack(0x0000000019d00000,0x0000000019e00000)]
  0x000000001c023000 JavaThread "Cache worker for file content cache (E:\Shubham\Android Projects\MBS\MBS_SHREE_NAGARI\.gradle\6.1.1\fileContent)" [_thread_blocked, id=8984, stack(0x0000000022640000,0x0000000022740000)]
  0x000000001c01e800 JavaThread "Cache worker for file content cache (C:\Users\List\.gradle\caches\6.1.1\fileContent)" [_thread_blocked, id=9384, stack(0x0000000020de0000,0x0000000020ee0000)]
  0x000000001c022000 JavaThread "Memory manager" [_thread_blocked, id=4740, stack(0x00000000012f0000,0x00000000013f0000)]
  0x000000001c025000 JavaThread "Cache worker for Build Output Cleanup Cache (E:\Shubham\Android Projects\MBS\MBS_SHREE_NAGARI\.gradle\buildOutputCleanup)" [_thread_blocked, id=9928, stack(0x000000001f710000,0x000000001f810000)]
  0x000000001c01f000 JavaThread "Build operations Thread 4" [_thread_blocked, id=11024, stack(0x000000001ee10000,0x000000001ef10000)]
  0x000000001c021800 JavaThread "Build operations Thread 3" [_thread_blocked, id=7288, stack(0x000000001ed10000,0x000000001ee10000)]
  0x000000001c023800 JavaThread "Build operations Thread 2" [_thread_blocked, id=9700, stack(0x000000001ec10000,0x000000001ed10000)]
  0x000000001c020800 JavaThread "Build operations" [_thread_blocked, id=7984, stack(0x000000001d0a0000,0x000000001d1a0000)]
  0x00000000185fd000 JavaThread "Cache worker for execution history cache (C:\Users\List\.gradle\caches\6.1.1\executionHistory)" [_thread_blocked, id=10856, stack(0x000000001cda0000,0x000000001cea0000)]
  0x00000000185fd800 JavaThread "Cache worker for cache directory md-rule (C:\Users\List\.gradle\caches\6.1.1\md-rule)" [_thread_blocked, id=9436, stack(0x000000001cca0000,0x000000001cda0000)]
  0x00000000185f9000 JavaThread "Cache worker for cache directory md-supplier (C:\Users\List\.gradle\caches\6.1.1\md-supplier)" [_thread_blocked, id=11112, stack(0x000000001cba0000,0x000000001cca0000)]
  0x0000000018600000 JavaThread "Cache worker for file hash cache (E:\Shubham\Android Projects\MBS\MBS_SHREE_NAGARI\.gradle\6.1.1\fileHashes)" [_thread_blocked, id=3716, stack(0x000000001c6a0000,0x000000001c7a0000)]
  0x00000000185ff000 JavaThread "Cache worker for checksums cache (E:\Shubham\Android Projects\MBS\MBS_SHREE_NAGARI\.gradle\checksums)" [_thread_blocked, id=10152, stack(0x000000001c5a0000,0x000000001c6a0000)]
  0x00000000185fa800 JavaThread "Cache worker for file hash cache (C:\Users\List\.gradle\caches\6.1.1\fileHashes)" [_thread_blocked, id=10104, stack(0x000000001b2d0000,0x000000001b3d0000)]
  0x00000000185fc000 JavaThread "File lock request listener" [_thread_in_native, id=5660, stack(0x000000001a200000,0x000000001a300000)]
  0x00000000185fe800 JavaThread "Cache worker for journal cache (C:\Users\List\.gradle\caches\journal-1)" [_thread_blocked, id=3712, stack(0x000000001a100000,0x000000001a200000)]
  0x0000000018189000 JavaThread "Thread-9" [_thread_blocked, id=10096, stack(0x0000000019e00000,0x0000000019f00000)]
  0x000000001817d000 JavaThread "Asynchronous log dispatcher for DefaultDaemonConnection: socket connection from /127.0.0.1:51353 to /127.0.0.1:51354" [_thread_blocked, id=10708, stack(0x0000000019c00000,0x0000000019d00000)]
  0x00000000170cb000 JavaThread "Daemon worker" [_thread_blocked, id=8128, stack(0x0000000019b00000,0x0000000019c00000)]
  0x00000000170ca000 JavaThread "Cancel handler" [_thread_blocked, id=3204, stack(0x0000000019a00000,0x0000000019b00000)]
  0x0000000017934000 JavaThread "Handler for socket connection from /127.0.0.1:51353 to /127.0.0.1:51354" [_thread_in_native, id=3440, stack(0x0000000019700000,0x0000000019800000)]
  0x0000000017931800 JavaThread "Daemon" [_thread_blocked, id=5632, stack(0x0000000019600000,0x0000000019700000)]
  0x00000000185f7800 JavaThread "Daemon periodic checks" [_thread_blocked, id=8448, stack(0x0000000019500000,0x0000000019600000)]
  0x0000000016ed4800 JavaThread "Incoming local TCP Connector on port 51353" [_thread_in_native, id=9664, stack(0x00000000192c0000,0x00000000193c0000)]
  0x000000001816a800 JavaThread "Daemon health stats" [_thread_blocked, id=10896, stack(0x0000000018c80000,0x0000000018d80000)]
  0x00000000155be800 JavaThread "Service Thread" daemon [_thread_blocked, id=6500, stack(0x00000000172b0000,0x00000000173b0000)]
  0x0000000015569000 JavaThread "C1 CompilerThread2" daemon [_thread_blocked, id=10640, stack(0x0000000016db0000,0x0000000016eb0000)]
  0x0000000015562800 JavaThread "C2 CompilerThread1" daemon [_thread_blocked, id=4608, stack(0x0000000016cb0000,0x0000000016db0000)]
  0x000000001555d000 JavaThread "C2 CompilerThread0" daemon [_thread_blocked, id=9916, stack(0x0000000016bb0000,0x0000000016cb0000)]
  0x000000001555c000 JavaThread "Attach Listener" daemon [_thread_blocked, id=1396, stack(0x0000000016ab0000,0x0000000016bb0000)]
  0x000000001555a800 JavaThread "Signal Dispatcher" daemon [_thread_blocked, id=5648, stack(0x00000000169b0000,0x0000000016ab0000)]
  0x0000000015549000 JavaThread "Finalizer" daemon [_thread_blocked, id=5716, stack(0x00000000167b0000,0x00000000168b0000)]
  0x0000000002e82000 JavaThread "Reference Handler" daemon [_thread_blocked, id=8232, stack(0x00000000166b0000,0x00000000167b0000)]
  0x0000000002d6d800 JavaThread "main" [_thread_blocked, id=2340, stack(0x0000000002c00000,0x0000000002d00000)]

Other Threads:
  0x0000000015527800 VMThread [stack: 0x00000000165b0000,0x00000000166b0000] [id=3236]
  0x0000000016ef0000 WatcherThread [stack: 0x00000000173b0000,0x00000000174b0000] [id=5232]

=>0x0000000002da6800 (exited) GCTaskThread [stack: 0x00000000125c0000,0x00000000126c0000] [id=2848]

VM state:at safepoint (normal execution)

VM Mutex/Monitor currently owned by a thread:  ([mutex/lock_event])
[0x0000000002d6ca80] Threads_lock - owner thread: 0x0000000015527800
[0x0000000002d6d180] Heap_lock - owner thread: 0x000000001c026800

Heap:
 PSYoungGen      total 314880K, used 314569K [0x00000000eab00000, 0x0000000100000000, 0x0000000100000000)
  eden space 292864K, 100% used [0x00000000eab00000,0x00000000fc900000,0x00000000fc900000)
  from space 22016K, 98% used [0x00000000fc900000,0x00000000fde32618,0x00000000fde80000)
  to   space 30208K, 99% used [0x00000000fe280000,0x00000000ffffe808,0x0000000100000000)
 ParOldGen       total 106496K, used 51961K [0x00000000c0000000, 0x00000000c6800000, 0x00000000eab00000)
  object space 106496K, 48% used [0x00000000c0000000,0x00000000c32be748,0x00000000c6800000)
 Metaspace       used 75413K, capacity 78316K, committed 78464K, reserved 1116160K
  class space    used 10210K, capacity 10803K, committed 10880K, reserved 1048576K

Card table byte_map: [0x0000000012250000,0x0000000012460000] byte_map_base: 0x0000000011c50000

Marking Bits: (ParMarkBitMap*) 0x000000007110b6d0
 Begin Bits: [0x00000000129c0000, 0x00000000139c0000)
 End Bits:   [0x00000000139c0000, 0x00000000149c0000)

Polling page: 0x0000000002d00000

CodeCache: size=245760Kb used=36133Kb max_used=36133Kb free=209626Kb
 bounds [0x0000000002e90000, 0x0000000005210000, 0x0000000011e90000]
 total_blobs=11524 nmethods=10687 adapters=748
 compilation: enabled

Compilation events (10 events):
Event: 132.122 Thread 0x000000001555d000 12328       4       com.sun.tools.javac.code.Symbol$PackageSymbol::members (16 bytes)
Event: 132.123 Thread 0x000000001555d000 nmethod 12328 0x00000000051cd1d0 code [0x00000000051cd300, 0x00000000051cd398]
Event: 132.124 Thread 0x0000000015569000 12329       3       com.sun.tools.javac.comp.Infer$IncorporationStep$7::accepts (33 bytes)
Event: 132.125 Thread 0x0000000015569000 nmethod 12329 0x00000000051dcd50 code [0x00000000051dcee0, 0x00000000051dd558]
Event: 132.125 Thread 0x000000001555d000 12335       4       java.util.RegularEnumSet$EnumSetIterator::next (60 bytes)
Event: 132.125 Thread 0x0000000015569000 12330       3       com.sun.tools.javac.comp.Infer$IncorporationStep$7::apply (290 bytes)
Event: 132.126 Thread 0x0000000015562800 nmethod 12204 0x00000000051fa910 code [0x00000000051facc0, 0x00000000051fc208]
Event: 132.126 Thread 0x0000000015562800 12336   !   4       java.lang.Class::getEnumConstantsShared (73 bytes)
Event: 132.127 Thread 0x0000000015569000 nmethod 12330 0x00000000051ff610 code [0x00000000051ffa40, 0x00000000052029d8]
Event: 132.127 Thread 0x0000000015569000 12332       3       com.sun.tools.javac.comp.Infer$IncorporationStep$9::apply (226 bytes)

GC Heap History (10 events):
Event: 31.055 GC heap after
Heap after GC invocations=8 (full 2):
 PSYoungGen      total 242176K, used 0K [0x00000000eab00000, 0x00000000fac80000, 0x0000000100000000)
  eden space 231936K, 0% used [0x00000000eab00000,0x00000000eab00000,0x00000000f8d80000)
  from space 10240K, 0% used [0x00000000fa280000,0x00000000fa280000,0x00000000fac80000)
  to   space 15872K, 0% used [0x00000000f8d80000,0x00000000f8d80000,0x00000000f9d00000)
 ParOldGen       total 74752K, used 15311K [0x00000000c0000000, 0x00000000c4900000, 0x00000000eab00000)
  object space 74752K, 20% used [0x00000000c0000000,0x00000000c0ef3c98,0x00000000c4900000)
 Metaspace       used 34588K, capacity 35456K, committed 35496K, reserved 1079296K
  class space    used 4870K, capacity 5097K, committed 5120K, reserved 1048576K
}
Event: 62.104 GC heap before
{Heap before GC invocations=9 (full 2):
 PSYoungGen      total 242176K, used 231936K [0x00000000eab00000, 0x00000000fac80000, 0x0000000100000000)
  eden space 231936K, 100% used [0x00000000eab00000,0x00000000f8d80000,0x00000000f8d80000)
  from space 10240K, 0% used [0x00000000fa280000,0x00000000fa280000,0x00000000fac80000)
  to   space 15872K, 0% used [0x00000000f8d80000,0x00000000f8d80000,0x00000000f9d00000)
 ParOldGen       total 74752K, used 15311K [0x00000000c0000000, 0x00000000c4900000, 0x00000000eab00000)
  object space 74752K, 20% used [0x00000000c0000000,0x00000000c0ef3c98,0x00000000c4900000)
 Metaspace       used 54442K, capacity 56382K, committed 56448K, reserved 1097728K
  class space    used 7595K, capacity 8060K, committed 8064K, reserved 1048576K
Event: 62.136 GC heap after
Heap after GC invocations=9 (full 2):
 PSYoungGen      total 247808K, used 15868K [0x00000000eab00000, 0x0000000100000000, 0x0000000100000000)
  eden space 231936K, 0% used [0x00000000eab00000,0x00000000eab00000,0x00000000f8d80000)
  from space 15872K, 99% used [0x00000000f8d80000,0x00000000f9cff330,0x00000000f9d00000)
  to   space 25088K, 0% used [0x00000000fe780000,0x00000000fe780000,0x0000000100000000)
 ParOldGen       total 74752K, used 28898K [0x00000000c0000000, 0x00000000c4900000, 0x00000000eab00000)
  object space 74752K, 38% used [0x00000000c0000000,0x00000000c1c388f0,0x00000000c4900000)
 Metaspace       used 54442K, capacity 56382K, committed 56448K, reserved 1097728K
  class space    used 7595K, capacity 8060K, committed 8064K, reserved 1048576K
}
Event: 69.907 GC heap before
{Heap before GC invocations=10 (full 2):
 PSYoungGen      total 247808K, used 88826K [0x00000000eab00000, 0x0000000100000000, 0x0000000100000000)
  eden space 231936K, 31% used [0x00000000eab00000,0x00000000ef23f768,0x00000000f8d80000)
  from space 15872K, 99% used [0x00000000f8d80000,0x00000000f9cff330,0x00000000f9d00000)
  to   space 25088K, 0% used [0x00000000fe780000,0x00000000fe780000,0x0000000100000000)
 ParOldGen       total 74752K, used 28898K [0x00000000c0000000, 0x00000000c4900000, 0x00000000eab00000)
  object space 74752K, 38% used [0x00000000c0000000,0x00000000c1c388f0,0x00000000c4900000)
 Metaspace       used 56805K, capacity 59030K, committed 59136K, reserved 1099776K
  class space    used 7904K, capacity 8384K, committed 8448K, reserved 1048576K
Event: 69.953 GC heap after
Heap after GC invocations=10 (full 2):
 PSYoungGen      total 317952K, used 21356K [0x00000000eab00000, 0x0000000100000000, 0x0000000100000000)
  eden space 292864K, 0% used [0x00000000eab00000,0x00000000eab00000,0x00000000fc900000)
  from space 25088K, 85% used [0x00000000fe780000,0x00000000ffc5b340,0x0000000100000000)
  to   space 28160K, 0% used [0x00000000fc900000,0x00000000fc900000,0x00000000fe480000)
 ParOldGen       total 74752K, used 28906K [0x00000000c0000000, 0x00000000c4900000, 0x00000000eab00000)
  object space 74752K, 38% used [0x00000000c0000000,0x00000000c1c3a8f0,0x00000000c4900000)
 Metaspace       used 56805K, capacity 59030K, committed 59136K, reserved 1099776K
  class space    used 7904K, capacity 8384K, committed 8448K, reserved 1048576K
}
Event: 69.953 GC heap before
{Heap before GC invocations=11 (full 3):
 PSYoungGen      total 317952K, used 21356K [0x00000000eab00000, 0x0000000100000000, 0x0000000100000000)
  eden space 292864K, 0% used [0x00000000eab00000,0x00000000eab00000,0x00000000fc900000)
  from space 25088K, 85% used [0x00000000fe780000,0x00000000ffc5b340,0x0000000100000000)
  to   space 28160K, 0% used [0x00000000fc900000,0x00000000fc900000,0x00000000fe480000)
 ParOldGen       total 74752K, used 28906K [0x00000000c0000000, 0x00000000c4900000, 0x00000000eab00000)
  object space 74752K, 38% used [0x00000000c0000000,0x00000000c1c3a8f0,0x00000000c4900000)
 Metaspace       used 56805K, capacity 59030K, committed 59136K, reserved 1099776K
  class space    used 7904K, capacity 8384K, committed 8448K, reserved 1048576K
Event: 70.157 GC heap after
Heap after GC invocations=11 (full 3):
 PSYoungGen      total 317952K, used 0K [0x00000000eab00000, 0x0000000100000000, 0x0000000100000000)
  eden space 292864K, 0% used [0x00000000eab00000,0x00000000eab00000,0x00000000fc900000)
  from space 25088K, 0% used [0x00000000fe780000,0x00000000fe780000,0x0000000100000000)
  to   space 28160K, 0% used [0x00000000fc900000,0x00000000fc900000,0x00000000fe480000)
 ParOldGen       total 106496K, used 33810K [0x00000000c0000000, 0x00000000c6800000, 0x00000000eab00000)
  object space 106496K, 31% used [0x00000000c0000000,0x00000000c21048d8,0x00000000c6800000)
 Metaspace       used 56779K, capacity 58950K, committed 59136K, reserved 1099776K
  class space    used 7896K, capacity 8370K, committed 8448K, reserved 1048576K
}
Event: 88.083 GC heap before
{Heap before GC invocations=12 (full 3):
 PSYoungGen      total 317952K, used 292864K [0x00000000eab00000, 0x0000000100000000, 0x0000000100000000)
  eden space 292864K, 100% used [0x00000000eab00000,0x00000000fc900000,0x00000000fc900000)
  from space 25088K, 0% used [0x00000000fe780000,0x00000000fe780000,0x0000000100000000)
  to   space 28160K, 0% used [0x00000000fc900000,0x00000000fc900000,0x00000000fe480000)
 ParOldGen       total 106496K, used 33810K [0x00000000c0000000, 0x00000000c6800000, 0x00000000eab00000)
  object space 106496K, 31% used [0x00000000c0000000,0x00000000c21048d8,0x00000000c6800000)
 Metaspace       used 65553K, capacity 68314K, committed 68352K, reserved 1107968K
  class space    used 9152K, capacity 9714K, committed 9728K, reserved 1048576K
Event: 88.116 GC heap after
Heap after GC invocations=12 (full 3):
 PSYoungGen      total 314880K, used 21705K [0x00000000eab00000, 0x0000000100000000, 0x0000000100000000)
  eden space 292864K, 0% used [0x00000000eab00000,0x00000000eab00000,0x00000000fc900000)
  from space 22016K, 98% used [0x00000000fc900000,0x00000000fde32618,0x00000000fde80000)
  to   space 30208K, 0% used [0x00000000fe280000,0x00000000fe280000,0x0000000100000000)
 ParOldGen       total 106496K, used 33818K [0x00000000c0000000, 0x00000000c6800000, 0x00000000eab00000)
  object space 106496K, 31% used [0x00000000c0000000,0x00000000c21068d8,0x00000000c6800000)
 Metaspace       used 65553K, capacity 68314K, committed 68352K, reserved 1107968K
  class space    used 9152K, capacity 9714K, committed 9728K, reserved 1048576K
}
Event: 132.128 GC heap before
{Heap before GC invocations=13 (full 3):
 PSYoungGen      total 314880K, used 314569K [0x00000000eab00000, 0x0000000100000000, 0x0000000100000000)
  eden space 292864K, 100% used [0x00000000eab00000,0x00000000fc900000,0x00000000fc900000)
  from space 22016K, 98% used [0x00000000fc900000,0x00000000fde32618,0x00000000fde80000)
  to   space 30208K, 0% used [0x00000000fe280000,0x00000000fe280000,0x0000000100000000)
 ParOldGen       total 106496K, used 33818K [0x00000000c0000000, 0x00000000c6800000, 0x00000000eab00000)
  object space 106496K, 31% used [0x00000000c0000000,0x00000000c21068d8,0x00000000c6800000)
 Metaspace       used 75413K, capacity 78316K, committed 78464K, reserved 1116160K
  class space    used 10210K, capacity 10803K, committed 10880K, reserved 1048576K

Deoptimization events (10 events):
Event: 131.327 Thread 0x000000001c026800 Uncommon trap: reason=class_check action=maybe_recompile pc=0x0000000004f555e4 method=com.sun.tools.javac.code.Type.isCompound()Z @ 14
Event: 131.329 Thread 0x000000001c026800 Uncommon trap: reason=class_check action=maybe_recompile pc=0x0000000004f555e4 method=com.sun.tools.javac.code.Type.isCompound()Z @ 14
Event: 131.330 Thread 0x000000001c026800 Uncommon trap: reason=class_check action=maybe_recompile pc=0x0000000004f555e4 method=com.sun.tools.javac.code.Type.isCompound()Z @ 14
Event: 131.331 Thread 0x000000001c026800 Uncommon trap: reason=class_check action=maybe_recompile pc=0x0000000004f555e4 method=com.sun.tools.javac.code.Type.isCompound()Z @ 14
Event: 131.399 Thread 0x000000001c026800 Uncommon trap: reason=unstable_if action=reinterpret pc=0x0000000004aa25d8 method=com.sun.tools.javac.util.ListBuffer.append(Ljava/lang/Object;)Lcom/sun/tools/javac/util/ListBuffer; @ 9
Event: 131.649 Thread 0x000000001c026800 Uncommon trap: reason=bimorphic action=maybe_recompile pc=0x000000000501a760 method=com.sun.tools.javac.comp.Check.checkDeprecated(Lcom/sun/tools/javac/util/JCDiagnostic$DiagnosticPosition;Lcom/sun/tools/javac/code/Symbol;Lcom/sun/tools/javac/code/Symbol;
Event: 131.649 Thread 0x000000001c026800 Uncommon trap: reason=bimorphic action=maybe_recompile pc=0x000000000501a760 method=com.sun.tools.javac.comp.Check.checkDeprecated(Lcom/sun/tools/javac/util/JCDiagnostic$DiagnosticPosition;Lcom/sun/tools/javac/code/Symbol;Lcom/sun/tools/javac/code/Symbol;
Event: 131.671 Thread 0x000000001c026800 Uncommon trap: reason=unstable_if action=reinterpret pc=0x000000000500e66c method=com.sun.tools.javac.code.Types.capture(Lcom/sun/tools/javac/code/Type;)Lcom/sun/tools/javac/code/Type; @ 83
Event: 131.758 Thread 0x000000001c026800 Uncommon trap: reason=unstable_if action=reinterpret pc=0x000000000512988c method=com.sun.tools.javac.comp.Attr.selectSym(Lcom/sun/tools/javac/tree/JCTree$JCFieldAccess;Lcom/sun/tools/javac/code/Symbol;Lcom/sun/tools/javac/code/Type;Lcom/sun/tools/javac/c
Event: 131.943 Thread 0x000000001c026800 Uncommon trap: reason=bimorphic action=maybe_recompile pc=0x00000000051513f0 method=com.sun.tools.javac.comp.Check.checkDeprecated(Lcom/sun/tools/javac/util/JCDiagnostic$DiagnosticPosition;Lcom/sun/tools/javac/code/Symbol;Lcom/sun/tools/javac/code/Symbol;

Internal exceptions (10 events):
Event: 109.727 Thread 0x000000001c026800 Exception <a 'sun/nio/fs/WindowsException'> (0x00000000f04bc880) thrown at [C:\re\workspace\8-2-build-windows-amd64-cygwin\jdk8u121\8372\hotspot\src\share\vm\prims\jni.cpp, line 709]
Event: 109.728 Thread 0x000000001c026800 Exception <a 'sun/nio/fs/WindowsException'> (0x00000000f04bd510) thrown at [C:\re\workspace\8-2-build-windows-amd64-cygwin\jdk8u121\8372\hotspot\src\share\vm\prims\jni.cpp, line 709]
Event: 109.728 Thread 0x000000001c026800 Exception <a 'sun/nio/fs/WindowsException'> (0x00000000f04be578) thrown at [C:\re\workspace\8-2-build-windows-amd64-cygwin\jdk8u121\8372\hotspot\src\share\vm\prims\jni.cpp, line 709]
Event: 109.730 Thread 0x000000001c026800 Exception <a 'sun/nio/fs/WindowsException'> (0x00000000f04c9a10) thrown at [C:\re\workspace\8-2-build-windows-amd64-cygwin\jdk8u121\8372\hotspot\src\share\vm\prims\jni.cpp, line 709]
Event: 109.730 Thread 0x000000001c026800 Exception <a 'sun/nio/fs/WindowsException'> (0x00000000f04ca6e0) thrown at [C:\re\workspace\8-2-build-windows-amd64-cygwin\jdk8u121\8372\hotspot\src\share\vm\prims\jni.cpp, line 709]
Event: 109.730 Thread 0x000000001c026800 Exception <a 'sun/nio/fs/WindowsException'> (0x00000000f04cb420) thrown at [C:\re\workspace\8-2-build-windows-amd64-cygwin\jdk8u121\8372\hotspot\src\share\vm\prims\jni.cpp, line 709]
Event: 109.730 Thread 0x000000001c026800 Exception <a 'sun/nio/fs/WindowsException'> (0x00000000f04cdbc0) thrown at [C:\re\workspace\8-2-build-windows-amd64-cygwin\jdk8u121\8372\hotspot\src\share\vm\prims\jni.cpp, line 709]
Event: 109.730 Thread 0x000000001c026800 Exception <a 'sun/nio/fs/WindowsException'> (0x00000000f04ce8a0) thrown at [C:\re\workspace\8-2-build-windows-amd64-cygwin\jdk8u121\8372\hotspot\src\share\vm\prims\jni.cpp, line 709]
Event: 109.730 Thread 0x000000001c026800 Exception <a 'sun/nio/fs/WindowsException'> (0x00000000f04cf5f0) thrown at [C:\re\workspace\8-2-build-windows-amd64-cygwin\jdk8u121\8372\hotspot\src\share\vm\prims\jni.cpp, line 709]
Event: 128.945 Thread 0x000000001c026800 Implicit null exception at 0x000000000467c7b2 to 0x000000000467cfa9

Events (10 events):
Event: 131.671 Thread 0x000000001c026800 DEOPT UNPACKING pc=0x0000000002ed582a sp=0x0000000019df9588 mode 2
Event: 131.758 Thread 0x000000001c026800 Uncommon trap: trap_request=0xffffff65 fr.pc=0x000000000512988c
Event: 131.758 Thread 0x000000001c026800 DEOPT PACKING pc=0x000000000512988c sp=0x0000000019df99c0
Event: 131.758 Thread 0x000000001c026800 DEOPT UNPACKING pc=0x0000000002ed582a sp=0x0000000019df99e0 mode 2
Event: 131.843 Executing VM operation: ForceSafepoint
Event: 131.843 Executing VM operation: ForceSafepoint done
Event: 131.943 Thread 0x000000001c026800 Uncommon trap: trap_request=0xffffffc6 fr.pc=0x00000000051513f0
Event: 131.943 Thread 0x000000001c026800 DEOPT PACKING pc=0x00000000051513f0 sp=0x0000000019df92c0
Event: 131.943 Thread 0x000000001c026800 DEOPT UNPACKING pc=0x0000000002ed582a sp=0x0000000019df9268 mode 2
Event: 132.128 Executing VM operation: ParallelGCFailedAllocation


Dynamic libraries:
0x00007ff7930b0000 - 0x00007ff7930e7000 	C:\Program Files\Java\jdk1.8.0_121\bin\java.exe
0x00007ffea5920000 - 0x00007ffea5b10000 	C:\WINDOWS\SYSTEM32\ntdll.dll
0x00007ffea3a00000 - 0x00007ffea3ab2000 	C:\WINDOWS\System32\KERNEL32.DLL
0x00007ffea3680000 - 0x00007ffea3925000 	C:\WINDOWS\System32\KERNELBASE.dll
0x00007ffea3ad0000 - 0x00007ffea3b73000 	C:\WINDOWS\System32\ADVAPI32.dll
0x00007ffea4b70000 - 0x00007ffea4c0e000 	C:\WINDOWS\System32\msvcrt.dll
0x00007ffea51f0000 - 0x00007ffea5287000 	C:\WINDOWS\System32\sechost.dll
0x00007ffea41c0000 - 0x00007ffea42df000 	C:\WINDOWS\System32\RPCRT4.dll
0x00007ffea49d0000 - 0x00007ffea4b64000 	C:\WINDOWS\System32\USER32.dll
0x00007ffea3400000 - 0x00007ffea3421000 	C:\WINDOWS\System32\win32u.dll
0x00007ffea39d0000 - 0x00007ffea39f6000 	C:\WINDOWS\System32\GDI32.dll
0x00007ffea3430000 - 0x00007ffea35c8000 	C:\WINDOWS\System32\gdi32full.dll
0x00007ffea3930000 - 0x00007ffea39ce000 	C:\WINDOWS\System32\msvcp_win.dll
0x00007ffea2a70000 - 0x00007ffea2b6a000 	C:\WINDOWS\System32\ucrtbase.dll
0x00007ffe8fad0000 - 0x00007ffe8fd54000 	C:\WINDOWS\WinSxS\amd64_microsoft.windows.common-controls_6595b64144ccf1df_6.0.18362.1379_none_9e7ff3b3e45cc0c4\COMCTL32.dll
0x00007ffea3e80000 - 0x00007ffea41b7000 	C:\WINDOWS\System32\combase.dll
0x00007ffea32f0000 - 0x00007ffea3371000 	C:\WINDOWS\System32\bcryptPrimitives.dll
0x00007ffea52b0000 - 0x00007ffea52de000 	C:\WINDOWS\System32\IMM32.DLL
0x0000000071190000 - 0x0000000071262000 	C:\Program Files\Java\jdk1.8.0_121\jre\bin\msvcr100.dll
0x00000000708f0000 - 0x000000007118b000 	C:\Program Files\Java\jdk1.8.0_121\jre\bin\server\jvm.dll
0x00007ffea5180000 - 0x00007ffea5188000 	C:\WINDOWS\System32\PSAPI.DLL
0x00007ffe9bb70000 - 0x00007ffe9bb7a000 	C:\WINDOWS\SYSTEM32\VERSION.dll
0x00007ffe9f470000 - 0x00007ffe9f494000 	C:\WINDOWS\SYSTEM32\WINMM.dll
0x00007ffe8eb50000 - 0x00007ffe8eb59000 	C:\WINDOWS\SYSTEM32\WSOCK32.dll
0x00007ffea4c20000 - 0x00007ffea4c8f000 	C:\WINDOWS\System32\WS2_32.dll
0x00007ffe9f440000 - 0x00007ffe9f46d000 	C:\WINDOWS\SYSTEM32\winmmbase.dll
0x00007ffea33b0000 - 0x00007ffea33fa000 	C:\WINDOWS\System32\cfgmgr32.dll
0x00000000736c0000 - 0x00000000736cf000 	C:\Program Files\Java\jdk1.8.0_121\jre\bin\verify.dll
0x00000000708c0000 - 0x00000000708e9000 	C:\Program Files\Java\jdk1.8.0_121\jre\bin\java.dll
0x00000000708a0000 - 0x00000000708b6000 	C:\Program Files\Java\jdk1.8.0_121\jre\bin\zip.dll
0x00007ffea42e0000 - 0x00007ffea49c8000 	C:\WINDOWS\System32\SHELL32.dll
0x00007ffea4c90000 - 0x00007ffea4d37000 	C:\WINDOWS\System32\shcore.dll
0x00007ffea2b70000 - 0x00007ffea32eb000 	C:\WINDOWS\System32\windows.storage.dll
0x00007ffea2870000 - 0x00007ffea2893000 	C:\WINDOWS\System32\profapi.dll
0x00007ffea2820000 - 0x00007ffea286a000 	C:\WINDOWS\System32\powrprof.dll
0x00007ffea27d0000 - 0x00007ffea27e0000 	C:\WINDOWS\System32\UMPDC.dll
0x00007ffea5190000 - 0x00007ffea51e2000 	C:\WINDOWS\System32\shlwapi.dll
0x00007ffea2800000 - 0x00007ffea2811000 	C:\WINDOWS\System32\kernel.appcore.dll
0x00007ffea2a50000 - 0x00007ffea2a67000 	C:\WINDOWS\System32\cryptsp.dll
0x0000000070880000 - 0x000000007089a000 	C:\Program Files\Java\jdk1.8.0_121\jre\bin\net.dll
0x00007ffea2010000 - 0x00007ffea2077000 	C:\WINDOWS\system32\mswsock.dll
0x0000000070860000 - 0x0000000070871000 	C:\Program Files\Java\jdk1.8.0_121\jre\bin\nio.dll
0x00007ffe948b0000 - 0x00007ffe948d6000 	C:\Users\List\.gradle\native\31\windows-amd64\native-platform.dll
0x0000000070850000 - 0x000000007085d000 	C:\Program Files\Java\jdk1.8.0_121\jre\bin\management.dll
0x00007ffea1b30000 - 0x00007ffea1b63000 	C:\WINDOWS\system32\rsaenh.dll
0x00007ffea3380000 - 0x00007ffea33a6000 	C:\WINDOWS\System32\bcrypt.dll
0x00007ffea26b0000 - 0x00007ffea26d5000 	C:\WINDOWS\SYSTEM32\USERENV.dll
0x00007ffea21e0000 - 0x00007ffea21ec000 	C:\WINDOWS\SYSTEM32\CRYPTBASE.dll
0x00007ffea1cc0000 - 0x00007ffea1cfa000 	C:\WINDOWS\SYSTEM32\IPHLPAPI.DLL
0x00007ffea3ac0000 - 0x00007ffea3ac8000 	C:\WINDOWS\System32\NSI.dll
0x00007ffe97b30000 - 0x00007ffe97b46000 	C:\WINDOWS\SYSTEM32\dhcpcsvc6.DLL
0x00007ffe97e20000 - 0x00007ffe97e3c000 	C:\WINDOWS\SYSTEM32\dhcpcsvc.DLL
0x00007ffea1d10000 - 0x00007ffea1ddb000 	C:\WINDOWS\SYSTEM32\DNSAPI.dll
0x00007ffea1830000 - 0x00007ffea1861000 	C:\WINDOWS\SYSTEM32\ntmarta.dll
0x00007ffe90be0000 - 0x00007ffe90dd4000 	C:\WINDOWS\SYSTEM32\dbghelp.dll

VM Arguments:
jvm_args: -Xmx1024m -Dfile.encoding=windows-1252 -Duser.country=IN -Duser.language=en -Duser.variant 
java_command: org.gradle.launcher.daemon.bootstrap.GradleDaemon 6.1.1
java_class_path (initial): C:\Users\List\.gradle\wrapper\dists\gradle-6.1.1-all\cfmwm155h49vnt3hynmlrsdst\gradle-6.1.1\lib\gradle-launcher-6.1.1.jar
Launcher Type: SUN_STANDARD

Environment Variables:
JAVA_HOME=C:\Program Files\Java\jdk1.8.0_121
CLASSPATH=E:\eclipse_lomboz\New_workspace\SMSSendByURL\bin\list\urlsms;C:\Program Files\Java\jdk-11.0.14\bin;
PATH=C:\Program Files\Java\jdk1.8.0_121\bin;C:\Program Files\Common Files\Oracle\Java\javapath;C:\ProgramData\Oracle\Java\javapath;E:\DevSuiteHome_1\jdk\jre\bin\classic;E:\DevSuiteHome_1\jdk\jre\bin;E:\DevSuiteHome_1\jdk\jre\bin\client;E:\DevSuiteHome_1\jlib;E:\DevSuiteHome_1\bin;E:\DevSuiteHome_1\jre\1.4.2\bin\client;E:\DevSuiteHome_1\jre\1.4.2\bin;C:\WINDOWS\system32;C:\WINDOWS;C:\WINDOWS\System32\Wbem;C:\WINDOWS\System32\WindowsPowerShell\v1.0\;"E:\AndriodStudioSetupfiles\Android\Sdk\platform-tools\;";"E:\AndriodStudioSetupfiles\Android\Sdk\build-tools\;C:\WINDOWS\System32\OpenSSH\";C:\Program Files\Git\cmd;C:\Program Files\Tesseract;C:\Program Files\Cloudflare\Cloudflare WARP\;C:\Users\List\AppData\Local\Microsoft\WindowsApps;E:\Shubham\Flutter_SDK\flutter\bin
USERNAME=List
OS=Windows_NT
PROCESSOR_IDENTIFIER=Intel64 Family 6 Model 60 Stepping 3, GenuineIntel



---------------  S Y S T E M  ---------------

OS: Windows 10.0 , 64 bit Build 18362 (10.0.18362.1350)

CPU:total 4 (2 cores per cpu, 2 threads per core) family 6 model 60 stepping 3, cmov, cx8, fxsr, mmx, sse, sse2, sse3, ssse3, sse4.1, sse4.2, popcnt, avx, avx2, aes, clmul, erms, lzcnt, ht, tsc, tscinvbit, bmi1, bmi2

Memory: 4k page, physical 8257892k(1732468k free), swap 20840804k(13456992k free)

vm_info: Java HotSpot(TM) 64-Bit Server VM (25.121-b13) for windows-amd64 JRE (1.8.0_121-b13), built on Dec 12 2016 18:21:36 by "java_re" with MS VC++ 10.0 (VS2010)

time: Fri May 20 15:40:02 2022
elapsed time: 132 seconds (0d 0h 2m 12s)

